# JRE version: Java(TM) SE Runtime Environment (11.0.2+9) (build 11.0.2+9-LTS)
# Java VM: Java HotSpot(TM) 64-Bit Server VM (11.0.2+9-LTS, mixed mode, tiered, compressed oops, g1 gc, linux-amd64)
Heap:
 garbage-first heap   total 96256K, used 16307K [0x00000000a2000000, 0x0000000100000000)
  region size 1024K, 15 young (15360K), 2 survivors (2048K)
 Metaspace       used 19339K, capacity 19958K, committed 20096K, reserved 1067008K
  class space    used 2129K, capacity 2390K, committed 2432K, reserved 1048576K
GC Heap History (6 events):
Event: 1,209 GC heap before
{Heap before GC invocations=0 (full 0):
 garbage-first heap   total 96256K, used 7168K [0x00000000a2000000, 0x0000000100000000)
  region size 1024K, 7 young (7168K), 0 survivors (0K)
 Metaspace       used 10849K, capacity 11155K, committed 11520K, reserved 1058816K
  class space    used 1052K, capacity 1169K, committed 1280K, reserved 1048576K
}
Event: 1,213 GC heap after
{Heap after GC invocations=1 (full 0):
 garbage-first heap   total 96256K, used 1984K [0x00000000a2000000, 0x0000000100000000)
  region size 1024K, 1 young (1024K), 1 survivors (1024K)
 Metaspace       used 10849K, capacity 11155K, committed 11520K, reserved 1058816K
  class space    used 1052K, capacity 1169K, committed 1280K, reserved 1048576K
}
Event: 1,554 GC heap before
{Heap before GC invocations=1 (full 0):
 garbage-first heap   total 96256K, used 7104K [0x00000000a2000000, 0x0000000100000000)
  region size 1024K, 6 young (6144K), 1 survivors (1024K)
 Metaspace       used 14316K, capacity 14776K, committed 15104K, reserved 1062912K
  class space    used 1470K, capacity 1681K, committed 1792K, reserved 1048576K
}
Event: 1,565 GC heap after
{Heap after GC invocations=2 (full 0):
 garbage-first heap   total 96256K, used 3072K [0x00000000a2000000, 0x0000000100000000)
  region size 1024K, 1 young (1024K), 1 survivors (1024K)
 Metaspace       used 14316K, capacity 14776K, committed 15104K, reserved 1062912K
  class space    used 1470K, capacity 1681K, committed 1792K, reserved 1048576K
}
Event: 2,279 GC heap before
{Heap before GC invocations=2 (full 0):
 garbage-first heap   total 96256K, used 16384K [0x00000000a2000000, 0x0000000100000000)
  region size 1024K, 14 young (14336K), 1 survivors (1024K)
 Metaspace       used 18268K, capacity 18732K, committed 18944K, reserved 1067008K
  class space    used 1970K, capacity 2191K, committed 2304K, reserved 1048576K
}
Event: 2,285 GC heap after
{Heap after GC invocations=3 (full 0):
 garbage-first heap   total 96256K, used 4019K [0x00000000a2000000, 0x0000000100000000)
  region size 1024K, 2 young (2048K), 2 survivors (2048K)
 Metaspace       used 18268K, capacity 18732K, committed 18944K, reserved 1067008K
  class space    used 1970K, capacity 2191K, committed 2304K, reserved 1048576K
}

