# JRE version: Java(TM) SE Runtime Environment (11.0.2+9) (build 11.0.2+9-LTS)
# Java VM: Java HotSpot(TM) 64-Bit Server VM (11.0.2+9-LTS, mixed mode, tiered, compressed oops, g1 gc, linux-amd64)
Heap:
 garbage-first heap   total 115712K, used 10760K [0x00000000a2000000, 0x0000000100000000)
  region size 1024K, 8 young (8192K), 2 survivors (2048K)
 Metaspace       used 19821K, capacity 20359K, committed 20480K, reserved 1067008K
  class space    used 2062K, capacity 2291K, committed 2304K, reserved 1048576K
GC Heap History (10 events):
Event: 4,782 GC heap before
{Heap before GC invocations=2 (full 0):
 garbage-first heap   total 96256K, used 14308K [0x00000000a2000000, 0x0000000100000000)
  region size 1024K, 13 young (13312K), 1 survivors (1024K)
 Metaspace       used 18759K, capacity 19285K, committed 19456K, reserved 1067008K
  class space    used 2009K, capacity 2245K, committed 2304K, reserved 1048576K
}
Event: 4,802 GC heap after
{Heap after GC invocations=3 (full 0):
 garbage-first heap   total 96256K, used 4096K [0x00000000a2000000, 0x0000000100000000)
  region size 1024K, 2 young (2048K), 2 survivors (2048K)
 Metaspace       used 18759K, capacity 19285K, committed 19456K, reserved 1067008K
  class space    used 2009K, capacity 2245K, committed 2304K, reserved 1048576K
}
Event: 18,205 GC heap before
{Heap before GC invocations=3 (full 0):
 garbage-first heap   total 96256K, used 20480K [0x00000000a2000000, 0x0000000100000000)
  region size 1024K, 18 young (18432K), 2 survivors (2048K)
 Metaspace       used 19238K, capacity 19828K, committed 19968K, reserved 1067008K
  class space    used 2058K, capacity 2288K, committed 2304K, reserved 1048576K
}
Event: 18,298 GC heap after
{Heap after GC invocations=4 (full 0):
 garbage-first heap   total 96256K, used 4753K [0x00000000a2000000, 0x0000000100000000)
  region size 1024K, 2 young (2048K), 2 survivors (2048K)
 Metaspace       used 19238K, capacity 19828K, committed 19968K, reserved 1067008K
  class space    used 2058K, capacity 2288K, committed 2304K, reserved 1048576K
}
Event: 29,540 GC heap before
{Heap before GC invocations=4 (full 0):
 garbage-first heap   total 96256K, used 24209K [0x00000000a2000000, 0x0000000100000000)
  region size 1024K, 21 young (21504K), 2 survivors (2048K)
 Metaspace       used 19321K, capacity 19892K, committed 19968K, reserved 1067008K
  class space    used 2059K, capacity 2288K, committed 2304K, reserved 1048576K
}
Event: 29,564 GC heap after
{Heap after GC invocations=5 (full 0):
 garbage-first heap   total 115712K, used 5064K [0x00000000a2000000, 0x0000000100000000)
  region size 1024K, 1 young (1024K), 1 survivors (1024K)
 Metaspace       used 19321K, capacity 19892K, committed 19968K, reserved 1067008K
  class space    used 2059K, capacity 2288K, committed 2304K, reserved 1048576K
}
Event: 45,162 GC heap before
{Heap before GC invocations=5 (full 0):
 garbage-first heap   total 115712K, used 30664K [0x00000000a2000000, 0x0000000100000000)
  region size 1024K, 26 young (26624K), 1 survivors (1024K)
 Metaspace       used 19610K, capacity 20219K, committed 20480K, reserved 1067008K
  class space    used 2061K, capacity 2289K, committed 2304K, reserved 1048576K
}
Event: 45,171 GC heap after
{Heap after GC invocations=6 (full 0):
 garbage-first heap   total 115712K, used 5061K [0x00000000a2000000, 0x0000000100000000)
  region size 1024K, 1 young (1024K), 1 survivors (1024K)
 Metaspace       used 19610K, capacity 20219K, committed 20480K, reserved 1067008K
  class space    used 2061K, capacity 2289K, committed 2304K, reserved 1048576K
}
Event: 74,078 GC heap before
{Heap before GC invocations=6 (full 0):
 garbage-first heap   total 115712K, used 48069K [0x00000000a2000000, 0x0000000100000000)
  region size 1024K, 43 young (44032K), 1 survivors (1024K)
 Metaspace       used 19798K, capacity 20347K, committed 20480K, reserved 1067008K
  class space    used 2061K, capacity 2289K, committed 2304K, reserved 1048576K
}
Event: 74,229 GC heap after
{Heap after GC invocations=7 (full 0):
 garbage-first heap   total 115712K, used 5640K [0x00000000a2000000, 0x0000000100000000)
  region size 1024K, 2 young (2048K), 2 survivors (2048K)
 Metaspace       used 19798K, capacity 20347K, committed 20480K, reserved 1067008K
  class space    used 2061K, capacity 2289K, committed 2304K, reserved 1048576K
}

