# JRE version: Java(TM) SE Runtime Environment (11.0.2+9) (build 11.0.2+9-LTS)
# Java VM: Java HotSpot(TM) 64-Bit Server VM (11.0.2+9-LTS, mixed mode, tiered, compressed oops, g1 gc, linux-amd64)
Heap:
 garbage-first heap   total 96256K, used 16398K [0x00000000a2000000, 0x0000000100000000)
  region size 1024K, 15 young (15360K), 2 survivors (2048K)
 Metaspace       used 19358K, capacity 20023K, committed 20352K, reserved 1067008K
  class space    used 2130K, capacity 2390K, committed 2432K, reserved 1048576K
GC Heap History (6 events):
Event: 1,094 GC heap before
{Heap before GC invocations=0 (full 0):
 garbage-first heap   total 96256K, used 7168K [0x00000000a2000000, 0x0000000100000000)
  region size 1024K, 7 young (7168K), 0 survivors (0K)
 Metaspace       used 10867K, capacity 11155K, committed 11520K, reserved 1058816K
  class space    used 1052K, capacity 1169K, committed 1280K, reserved 1048576K
}
Event: 1,100 GC heap after
{Heap after GC invocations=1 (full 0):
 garbage-first heap   total 96256K, used 1989K [0x00000000a2000000, 0x0000000100000000)
  region size 1024K, 1 young (1024K), 1 survivors (1024K)
 Metaspace       used 10867K, capacity 11155K, committed 11520K, reserved 1058816K
  class space    used 1052K, capacity 1169K, committed 1280K, reserved 1048576K
}
Event: 1,444 GC heap before
{Heap before GC invocations=1 (full 0):
 garbage-first heap   total 96256K, used 7109K [0x00000000a2000000, 0x0000000100000000)
  region size 1024K, 6 young (6144K), 1 survivors (1024K)
 Metaspace       used 14902K, capacity 15373K, committed 15616K, reserved 1062912K
  class space    used 1547K, capacity 1752K, committed 1792K, reserved 1048576K
}
Event: 1,450 GC heap after
{Heap after GC invocations=2 (full 0):
 garbage-first heap   total 96256K, used 3241K [0x00000000a2000000, 0x0000000100000000)
  region size 1024K, 1 young (1024K), 1 survivors (1024K)
 Metaspace       used 14902K, capacity 15373K, committed 15616K, reserved 1062912K
  class space    used 1547K, capacity 1752K, committed 1792K, reserved 1048576K
}
Event: 2,284 GC heap before
{Heap before GC invocations=2 (full 0):
 garbage-first heap   total 96256K, used 16553K [0x00000000a2000000, 0x0000000100000000)
  region size 1024K, 14 young (14336K), 1 survivors (1024K)
 Metaspace       used 18386K, capacity 18893K, committed 19200K, reserved 1067008K
  class space    used 1997K, capacity 2223K, committed 2304K, reserved 1048576K
}
Event: 2,291 GC heap after
{Heap after GC invocations=3 (full 0):
 garbage-first heap   total 96256K, used 4110K [0x00000000a2000000, 0x0000000100000000)
  region size 1024K, 2 young (2048K), 2 survivors (2048K)
 Metaspace       used 18386K, capacity 18893K, committed 19200K, reserved 1067008K
  class space    used 1997K, capacity 2223K, committed 2304K, reserved 1048576K
}

