# JRE version: Java(TM) SE Runtime Environment (11.0.2+9) (build 11.0.2+9-LTS)
# Java VM: Java HotSpot(TM) 64-Bit Server VM (11.0.2+9-LTS, mixed mode, tiered, compressed oops, g1 gc, linux-amd64)
Heap:
 garbage-first heap   total 115712K, used 14603K [0x00000000a2000000, 0x0000000100000000)
  region size 1024K, 11 young (11264K), 1 survivors (1024K)
 Metaspace       used 19893K, capacity 20523K, committed 20864K, reserved 1067008K
  class space    used 2083K, capacity 2331K, committed 2432K, reserved 1048576K
GC Heap History (10 events):
Event: 702,266 GC heap before
{Heap before GC invocations=26 (full 0):
 garbage-first heap   total 115712K, used 72242K [0x00000000a2000000, 0x0000000100000000)
  region size 1024K, 67 young (68608K), 2 survivors (2048K)
 Metaspace       used 19889K, capacity 20522K, committed 20864K, reserved 1067008K
  class space    used 2083K, capacity 2331K, committed 2432K, reserved 1048576K
}
Event: 702,472 GC heap after
{Heap after GC invocations=27 (full 0):
 garbage-first heap   total 115712K, used 5383K [0x00000000a2000000, 0x0000000100000000)
  region size 1024K, 1 young (1024K), 1 survivors (1024K)
 Metaspace       used 19889K, capacity 20522K, committed 20864K, reserved 1067008K
  class space    used 2083K, capacity 2331K, committed 2432K, reserved 1048576K
}
Event: 736,021 GC heap before
{Heap before GC invocations=27 (full 0):
 garbage-first heap   total 115712K, used 72967K [0x00000000a2000000, 0x0000000100000000)
  region size 1024K, 67 young (68608K), 1 survivors (1024K)
 Metaspace       used 19889K, capacity 20522K, committed 20864K, reserved 1067008K
  class space    used 2083K, capacity 2331K, committed 2432K, reserved 1048576K
}
Event: 736,091 GC heap after
{Heap after GC invocations=28 (full 0):
 garbage-first heap   total 115712K, used 5672K [0x00000000a2000000, 0x0000000100000000)
  region size 1024K, 2 young (2048K), 2 survivors (2048K)
 Metaspace       used 19889K, capacity 20522K, committed 20864K, reserved 1067008K
  class space    used 2083K, capacity 2331K, committed 2432K, reserved 1048576K
}
Event: 760,257 GC heap before
{Heap before GC invocations=28 (full 0):
 garbage-first heap   total 115712K, used 72232K [0x00000000a2000000, 0x0000000100000000)
  region size 1024K, 67 young (68608K), 2 survivors (2048K)
 Metaspace       used 19889K, capacity 20522K, committed 20864K, reserved 1067008K
  class space    used 2083K, capacity 2331K, committed 2432K, reserved 1048576K
}
Event: 760,299 GC heap after
{Heap after GC invocations=29 (full 0):
 garbage-first heap   total 115712K, used 5386K [0x00000000a2000000, 0x0000000100000000)
  region size 1024K, 1 young (1024K), 1 survivors (1024K)
 Metaspace       used 19889K, capacity 20522K, committed 20864K, reserved 1067008K
  class space    used 2083K, capacity 2331K, committed 2432K, reserved 1048576K
}
Event: 790,931 GC heap before
{Heap before GC invocations=29 (full 0):
 garbage-first heap   total 115712K, used 72970K [0x00000000a2000000, 0x0000000100000000)
  region size 1024K, 67 young (68608K), 1 survivors (1024K)
 Metaspace       used 19893K, capacity 20523K, committed 20864K, reserved 1067008K
  class space    used 2083K, capacity 2331K, committed 2432K, reserved 1048576K
}
Event: 791,054 GC heap after
{Heap after GC invocations=30 (full 0):
 garbage-first heap   total 115712K, used 5684K [0x00000000a2000000, 0x0000000100000000)
  region size 1024K, 2 young (2048K), 2 survivors (2048K)
 Metaspace       used 19893K, capacity 20523K, committed 20864K, reserved 1067008K
  class space    used 2083K, capacity 2331K, committed 2432K, reserved 1048576K
}
Event: 817,475 GC heap before
{Heap before GC invocations=30 (full 0):
 garbage-first heap   total 115712K, used 72244K [0x00000000a2000000, 0x0000000100000000)
  region size 1024K, 67 young (68608K), 2 survivors (2048K)
 Metaspace       used 19893K, capacity 20523K, committed 20864K, reserved 1067008K
  class space    used 2083K, capacity 2331K, committed 2432K, reserved 1048576K
}
Event: 817,541 GC heap after
{Heap after GC invocations=31 (full 0):
 garbage-first heap   total 115712K, used 5387K [0x00000000a2000000, 0x0000000100000000)
  region size 1024K, 1 young (1024K), 1 survivors (1024K)
 Metaspace       used 19893K, capacity 20523K, committed 20864K, reserved 1067008K
  class space    used 2083K, capacity 2331K, committed 2432K, reserved 1048576K
}

