# JRE version: Java(TM) SE Runtime Environment (11.0.2+9) (build 11.0.2+9-LTS)
# Java VM: Java HotSpot(TM) 64-Bit Server VM (11.0.2+9-LTS, mixed mode, tiered, compressed oops, g1 gc, linux-amd64)
Heap:
 garbage-first heap   total 96256K, used 59427K [0x00000000a2000000, 0x0000000100000000)
  region size 1024K, 56 young (57344K), 3 survivors (3072K)
 Metaspace       used 21674K, capacity 22288K, committed 22448K, reserved 1069056K
  class space    used 2224K, capacity 2459K, committed 2560K, reserved 1048576K
GC Heap History (10 events):
Event: 1,429 GC heap before
{Heap before GC invocations=1 (full 0):
 garbage-first heap   total 96256K, used 6896K [0x00000000a2000000, 0x0000000100000000)
  region size 1024K, 6 young (6144K), 1 survivors (1024K)
 Metaspace       used 12591K, capacity 12831K, committed 13056K, reserved 1060864K
  class space    used 1176K, capacity 1257K, committed 1280K, reserved 1048576K
}
Event: 1,432 GC heap after
{Heap after GC invocations=2 (full 0):
 garbage-first heap   total 96256K, used 2387K [0x00000000a2000000, 0x0000000100000000)
  region size 1024K, 1 young (1024K), 1 survivors (1024K)
 Metaspace       used 12591K, capacity 12831K, committed 13056K, reserved 1060864K
  class space    used 1176K, capacity 1257K, committed 1280K, reserved 1048576K
}
Event: 2,432 GC heap before
{Heap before GC invocations=2 (full 0):
 garbage-first heap   total 96256K, used 16723K [0x00000000a2000000, 0x0000000100000000)
  region size 1024K, 15 young (15360K), 1 survivors (1024K)
 Metaspace       used 17437K, capacity 17914K, committed 18176K, reserved 1064960K
  class space    used 1755K, capacity 1935K, committed 2048K, reserved 1048576K
}
Event: 2,436 GC heap after
{Heap after GC invocations=3 (full 0):
 garbage-first heap   total 96256K, used 3654K [0x00000000a2000000, 0x0000000100000000)
  region size 1024K, 2 young (2048K), 2 survivors (2048K)
 Metaspace       used 17437K, capacity 17914K, committed 18176K, reserved 1064960K
  class space    used 1755K, capacity 1935K, committed 2048K, reserved 1048576K
}
Event: 3,755 GC heap before
{Heap before GC invocations=3 (full 0):
 garbage-first heap   total 96256K, used 19014K [0x00000000a2000000, 0x0000000100000000)
  region size 1024K, 19 young (19456K), 2 survivors (2048K)
 Metaspace       used 20615K, capacity 21116K, committed 21296K, reserved 1069056K
  class space    used 2137K, capacity 2359K, committed 2432K, reserved 1048576K
}
Event: 3,779 GC heap after
{Heap after GC invocations=4 (full 0):
 garbage-first heap   total 96256K, used 4557K [0x00000000a2000000, 0x0000000100000000)
  region size 1024K, 3 young (3072K), 3 survivors (3072K)
 Metaspace       used 20615K, capacity 21116K, committed 21296K, reserved 1069056K
  class space    used 2137K, capacity 2359K, committed 2432K, reserved 1048576K
}
Event: 24,499 GC heap before
{Heap before GC invocations=5 (full 0):
 garbage-first heap   total 96256K, used 29133K [0x00000000a2000000, 0x0000000100000000)
  region size 1024K, 27 young (27648K), 3 survivors (3072K)
 Metaspace       used 21414K, capacity 22008K, committed 22192K, reserved 1069056K
  class space    used 2221K, capacity 2455K, committed 2560K, reserved 1048576K
}
Event: 24,543 GC heap after
{Heap after GC invocations=6 (full 0):
 garbage-first heap   total 96256K, used 5633K [0x00000000a2000000, 0x0000000100000000)
  region size 1024K, 2 young (2048K), 2 survivors (2048K)
 Metaspace       used 21414K, capacity 22008K, committed 22192K, reserved 1069056K
  class space    used 2221K, capacity 2455K, committed 2560K, reserved 1048576K
}
Event: 70,478 GC heap before
{Heap before GC invocations=6 (full 0):
 garbage-first heap   total 96256K, used 58881K [0x00000000a2000000, 0x0000000100000000)
  region size 1024K, 54 young (55296K), 2 survivors (2048K)
 Metaspace       used 21624K, capacity 22270K, committed 22448K, reserved 1069056K
  class space    used 2222K, capacity 2456K, committed 2560K, reserved 1048576K
}
Event: 70,535 GC heap after
{Heap after GC invocations=7 (full 0):
 garbage-first heap   total 96256K, used 6179K [0x00000000a2000000, 0x0000000100000000)
  region size 1024K, 3 young (3072K), 3 survivors (3072K)
 Metaspace       used 21624K, capacity 22270K, committed 22448K, reserved 1069056K
  class space    used 2222K, capacity 2456K, committed 2560K, reserved 1048576K
}

