# JRE version: Java(TM) SE Runtime Environment (11.0.2+9) (build 11.0.2+9-LTS)
# Java VM: Java HotSpot(TM) 64-Bit Server VM (11.0.2+9-LTS, mixed mode, tiered, compressed oops, g1 gc, linux-amd64)
Heap:
 garbage-first heap   total 126976K, used 22062K [0x00000000a2000000, 0x0000000100000000)
  region size 1024K, 20 young (20480K), 3 survivors (3072K)
 Metaspace       used 19715K, capacity 20291K, committed 20608K, reserved 1067008K
  class space    used 2080K, capacity 2330K, committed 2432K, reserved 1048576K
GC Heap History (10 events):
Event: 3,031 GC heap before
{Heap before GC invocations=2 (full 0):
 garbage-first heap   total 96256K, used 12435K [0x00000000a2000000, 0x0000000100000000)
  region size 1024K, 11 young (11264K), 1 survivors (1024K)
 Metaspace       used 18854K, capacity 19429K, committed 19712K, reserved 1067008K
  class space    used 2033K, capacity 2282K, committed 2304K, reserved 1048576K
}
Event: 3,048 GC heap after
{Heap after GC invocations=3 (full 0):
 garbage-first heap   total 96256K, used 4191K [0x00000000a2000000, 0x0000000100000000)
  region size 1024K, 2 young (2048K), 2 survivors (2048K)
 Metaspace       used 18854K, capacity 19429K, committed 19712K, reserved 1067008K
  class space    used 2033K, capacity 2282K, committed 2304K, reserved 1048576K
}
Event: 13,353 GC heap before
{Heap before GC invocations=3 (full 0):
 garbage-first heap   total 96256K, used 19551K [0x00000000a2000000, 0x0000000100000000)
  region size 1024K, 17 young (17408K), 2 survivors (2048K)
 Metaspace       used 19153K, capacity 19786K, committed 19968K, reserved 1067008K
  class space    used 2060K, capacity 2294K, committed 2304K, reserved 1048576K
}
Event: 13,406 GC heap after
{Heap after GC invocations=4 (full 0):
 garbage-first heap   total 96256K, used 4564K [0x00000000a2000000, 0x0000000100000000)
  region size 1024K, 2 young (2048K), 2 survivors (2048K)
 Metaspace       used 19153K, capacity 19786K, committed 19968K, reserved 1067008K
  class space    used 2060K, capacity 2294K, committed 2304K, reserved 1048576K
}
Event: 27,070 GC heap before
{Heap before GC invocations=4 (full 0):
 garbage-first heap   total 96256K, used 25044K [0x00000000a2000000, 0x0000000100000000)
  region size 1024K, 22 young (22528K), 2 survivors (2048K)
 Metaspace       used 19304K, capacity 19851K, committed 19968K, reserved 1067008K
  class space    used 2062K, capacity 2294K, committed 2304K, reserved 1048576K
}
Event: 27,119 GC heap after
{Heap after GC invocations=5 (full 0):
 garbage-first heap   total 126976K, used 4936K [0x00000000a2000000, 0x0000000100000000)
  region size 1024K, 2 young (2048K), 2 survivors (2048K)
 Metaspace       used 19304K, capacity 19851K, committed 19968K, reserved 1067008K
  class space    used 2062K, capacity 2294K, committed 2304K, reserved 1048576K
}
Event: 61,678 GC heap before
{Heap before GC invocations=5 (full 0):
 garbage-first heap   total 126976K, used 56136K [0x00000000a2000000, 0x0000000100000000)
  region size 1024K, 52 young (53248K), 2 survivors (2048K)
 Metaspace       used 19512K, capacity 20049K, committed 20224K, reserved 1067008K
  class space    used 2073K, capacity 2295K, committed 2304K, reserved 1048576K
}
Event: 61,744 GC heap after
{Heap after GC invocations=6 (full 0):
 garbage-first heap   total 126976K, used 5721K [0x00000000a2000000, 0x0000000100000000)
  region size 1024K, 3 young (3072K), 3 survivors (3072K)
 Metaspace       used 19512K, capacity 20049K, committed 20224K, reserved 1067008K
  class space    used 2073K, capacity 2295K, committed 2304K, reserved 1048576K
}
Event: 106,847 GC heap before
{Heap before GC invocations=6 (full 0):
 garbage-first heap   total 126976K, used 69209K [0x00000000a2000000, 0x0000000100000000)
  region size 1024K, 65 young (66560K), 3 survivors (3072K)
 Metaspace       used 19706K, capacity 20291K, committed 20608K, reserved 1067008K
  class space    used 2080K, capacity 2330K, committed 2432K, reserved 1048576K
}
Event: 106,892 GC heap after
{Heap after GC invocations=7 (full 0):
 garbage-first heap   total 126976K, used 5678K [0x00000000a2000000, 0x0000000100000000)
  region size 1024K, 3 young (3072K), 3 survivors (3072K)
 Metaspace       used 19706K, capacity 20291K, committed 20608K, reserved 1067008K
  class space    used 2080K, capacity 2330K, committed 2432K, reserved 1048576K
}

