# JRE version: Java(TM) SE Runtime Environment (11.0.2+9) (build 11.0.2+9-LTS)
# Java VM: Java HotSpot(TM) 64-Bit Server VM (11.0.2+9-LTS, mixed mode, tiered, compressed oops, g1 gc, linux-amd64)
Heap:
 garbage-first heap   total 96256K, used 20877K [0x00000000a2000000, 0x0000000100000000)
  region size 1024K, 19 young (19456K), 2 survivors (2048K)
 Metaspace       used 19139K, capacity 19731K, committed 19968K, reserved 1067008K
  class space    used 2040K, capacity 2276K, committed 2304K, reserved 1048576K
GC Heap History (8 events):
Event: 2,437 GC heap before
{Heap before GC invocations=0 (full 0):
 garbage-first heap   total 96256K, used 7168K [0x00000000a2000000, 0x0000000100000000)
  region size 1024K, 7 young (7168K), 0 survivors (0K)
 Metaspace       used 10845K, capacity 11151K, committed 11520K, reserved 1058816K
  class space    used 1053K, capacity 1169K, committed 1280K, reserved 1048576K
}
Event: 2,477 GC heap after
{Heap after GC invocations=1 (full 0):
 garbage-first heap   total 96256K, used 1970K [0x00000000a2000000, 0x0000000100000000)
  region size 1024K, 1 young (1024K), 1 survivors (1024K)
 Metaspace       used 10845K, capacity 11151K, committed 11520K, reserved 1058816K
  class space    used 1053K, capacity 1169K, committed 1280K, reserved 1048576K
}
Event: 3,322 GC heap before
{Heap before GC invocations=1 (full 0):
 garbage-first heap   total 96256K, used 5042K [0x00000000a2000000, 0x0000000100000000)
  region size 1024K, 4 young (4096K), 1 survivors (1024K)
 Metaspace       used 13382K, capacity 13800K, committed 14080K, reserved 1062912K
  class space    used 1343K, capacity 1498K, committed 1536K, reserved 1048576K
}
Event: 3,329 GC heap after
{Heap after GC invocations=2 (full 0):
 garbage-first heap   total 96256K, used 2836K [0x00000000a2000000, 0x0000000100000000)
  region size 1024K, 1 young (1024K), 1 survivors (1024K)
 Metaspace       used 13382K, capacity 13800K, committed 14080K, reserved 1062912K
  class space    used 1343K, capacity 1498K, committed 1536K, reserved 1048576K
}
Event: 5,231 GC heap before
{Heap before GC invocations=2 (full 0):
 garbage-first heap   total 96256K, used 13076K [0x00000000a2000000, 0x0000000100000000)
  region size 1024K, 11 young (11264K), 1 survivors (1024K)
 Metaspace       used 18030K, capacity 18509K, committed 18816K, reserved 1067008K
  class space    used 1909K, capacity 2115K, committed 2176K, reserved 1048576K
}
Event: 5,258 GC heap after
{Heap after GC invocations=3 (full 0):
 garbage-first heap   total 96256K, used 3780K [0x00000000a2000000, 0x0000000100000000)
  region size 1024K, 2 young (2048K), 2 survivors (2048K)
 Metaspace       used 18030K, capacity 18509K, committed 18816K, reserved 1067008K
  class space    used 1909K, capacity 2115K, committed 2176K, reserved 1048576K
}
Event: 12,557 GC heap before
{Heap before GC invocations=3 (full 0):
 garbage-first heap   total 96256K, used 18116K [0x00000000a2000000, 0x0000000100000000)
  region size 1024K, 16 young (16384K), 2 survivors (2048K)
 Metaspace       used 19009K, capacity 19603K, committed 19712K, reserved 1067008K
  class space    used 2038K, capacity 2276K, committed 2304K, reserved 1048576K
}
Event: 12,630 GC heap after
{Heap after GC invocations=4 (full 0):
 garbage-first heap   total 96256K, used 4493K [0x00000000a2000000, 0x0000000100000000)
  region size 1024K, 2 young (2048K), 2 survivors (2048K)
 Metaspace       used 19009K, capacity 19603K, committed 19712K, reserved 1067008K
  class space    used 2038K, capacity 2276K, committed 2304K, reserved 1048576K
}

